Thu Jun 27 2019,lemon,raspberry-lime,9,12,5
Fri Jun 28 2019,mandarin,black-cherry,5,3,2
Mon Jul 01 2019,lemon,cranberry-lime,3,4,1
Tue Jul 02 2019,mandarin,raspberry-lime,4,4,0
Wed Jul 03 2019,ruby-red-grapefruit,lime,1,1,0
Thu Jul 04 2019,undefined,undefined,0,0,0
Fri Jul 05 2019,undefined,undefined,0,0,0
Mon Jul 08 2019,lime,black-cherry,3,2,1
Tue Jul 09 2019,ruby-red-grapefruit,lemon,5,5,7
Wed Jul 10 2019,raspberry-lime,mandarin,5,3,2
Thu Jul 11 2019,black-cherry,cranberry-lime,4,4,3
Fri Jul 12 2019,mandarin,lime,1,0,1
Mon Jul 15 2019,lemon,ruby-red-grapefruit,1,3,3
Tue Jul 16 2019,black-cherry,lime,1,1,1
Wed Jul 17 2019,raspberry-lime,cranberry-lime,1,1,1
Mon Jul 22 2019,raspberry-lime,cranberry-lime,4,1,3
Tue Jul 23 2019,lemon,black-cherry,2,2,3
Wed Jul 24 2019,ruby-red-grapefruit,lime,3,0,0
Thu Jul 25 2019,cranberry-lime,lemon,11,1,4
Fri Jul 26 2019,undefined,undefined,0,0,0
Mon Jul 29 2019,ruby-red-grapefruit,lime,1,3,3
Tue Jul 30 2019,lemon,black-cherry,1,3,4
Wed Jul 31 2019,cranberry-lime,raspberry-lime,2,1,1
Thu Aug 01 2019,lemon,mandarin,2,1,0
Fri Aug 02 2019,mandarin,ruby-red-grapefruit,2,1,2
Mon Aug 05 2019,lemon,lime,1,1,1
Tue Aug 06 2019,cranberry-lime,mandarin,2,0,1
Wed Aug 07 2019,ruby-red-grapefruit,raspberry-lime,1,1,2
Thu Aug 08 2019,black-cherry,mandarin,1,1,3
